  Application.cpp
  Cell.cpp
C:\Work\c++\SudokuGUI\SudokuGUI\Cell.cpp(16,34): warning C4244: аргумент: преобразование "int" в "T", возможна потеря данных
          with
          [
              T=float
          ]
C:\Work\c++\SudokuGUI\SudokuGUI\Cell.cpp(16,32): warning C4244: аргумент: преобразование "int" в "T", возможна потеря данных
          with
          [
              T=float
          ]
  Field.cpp
C:\Work\c++\SudokuGUI\SudokuGUI\Field.cpp(19,76): warning C4244: аргумент: преобразование "T" в "int", возможна потеря данных
          with
          [
              T=float
          ]
C:\Work\c++\SudokuGUI\SudokuGUI\Field.cpp(19,44): warning C4244: аргумент: преобразование "T" в "int", возможна потеря данных
          with
          [
              T=float
          ]
C:\Work\c++\SudokuGUI\SudokuGUI\Field.cpp(43,78): warning C4244: аргумент: преобразование "T" в "int", возможна потеря данных
          with
          [
              T=float
          ]
C:\Work\c++\SudokuGUI\SudokuGUI\Field.cpp(43,45): warning C4244: аргумент: преобразование "T" в "int", возможна потеря данных
          with
          [
              T=float
          ]
C:\Work\c++\SudokuGUI\SudokuGUI\Field.cpp(84,16): warning C4244: инициализация: преобразование "double" в "int", возможна потеря данных
  Source.cpp
  tinyfiledialogs.cpp
  Создание кода...
Application.obj : error LNK2019: ссылка на неразрешенный внешний символ "public: __cdecl sf::String::String(char const *,class std::locale const &)" (??0String@sf@@QEAA@PEBDAEBVlocale@std@@@Z) в функции "public: void __cdecl Application::createMenu(void)" (?createMenu@Application@@QEAAXXZ).
Application.obj : error LNK2019: ссылка на неразрешенный внешний символ "public: static bool __cdecl sf::Keyboard::isKeyPressed(enum sf::Keyboard::Key)" (?isKeyPressed@Keyboard@sf@@SA_NW4Key@12@@Z) в функции "public: void __cdecl Application::start(void)" (?start@Application@@QEAAXXZ).
Application.obj : error LNK2019: ссылка на неразрешенный внешний символ "public: __cdecl sf::VideoMode::VideoMode(unsigned int,unsigned int,unsigned int)" (??0VideoMode@sf@@QEAA@III@Z) в функции "public: void __cdecl Application::start(void)" (?start@Application@@QEAAXXZ).
Application.obj : error LNK2019: ссылка на неразрешенный внешний символ "public: void __cdecl sf::Window::close(void)" (?close@Window@sf@@QEAAXXZ) в функции "public: void __cdecl Application::start(void)" (?start@Application@@QEAAXXZ).
Application.obj : error LNK2019: ссылка на неразрешенный внешний символ "public: bool __cdecl sf::Window::isOpen(void)const " (?isOpen@Window@sf@@QEBA_NXZ) в функции "public: void __cdecl Application::start(void)" (?start@Application@@QEAAXXZ).
Application.obj : error LNK2019: ссылка на неразрешенный внешний символ "public: bool __cdecl sf::Window::pollEvent(class sf::Event &)" (?pollEvent@Window@sf@@QEAA_NAEAVEvent@2@@Z) в функции "public: void __cdecl Application::start(void)" (?start@Application@@QEAAXXZ).
Application.obj : error LNK2019: ссылка на неразрешенный внешний символ "public: void __cdecl sf::Window::display(void)" (?display@Window@sf@@QEAAXXZ) в функции "public: void __cdecl Application::start(void)" (?start@Application@@QEAAXXZ).
Application.obj : error LNK2019: ссылка на неразрешенный внешний символ "public: __cdecl sf::Image::~Image(void)" (??1Image@sf@@QEAA@XZ) в функции "public: void __cdecl Application::start(void)" (?start@Application@@QEAAXXZ).
Application.obj : error LNK2019: ссылка на неразрешенный внешний символ "public: bool __cdecl sf::Image::saveToFile(class std::basic_string<char,struct std::char_traits<char>,class std::allocator<char> > const &)const " (?saveToFile@Image@sf@@QEBA_NAEBV?$basic_string@DU?$char_traits@D@std@@V?$allocator@D@2@@std@@@Z) в функции "public: void __cdecl Application::start(void)" (?start@Application@@QEAAXXZ).
Application.obj : error LNK2019: ссылка на неразрешенный внешний символ "public: __cdecl sf::Texture::Texture(void)" (??0Texture@sf@@QEAA@XZ) в функции "public: void __cdecl Application::start(void)" (?start@Application@@QEAAXXZ).
Application.obj : error LNK2019: ссылка на неразрешенный внешний символ "public: __cdecl sf::Texture::~Texture(void)" (??1Texture@sf@@QEAA@XZ) в функции "public: void __cdecl Application::start(void)" (?start@Application@@QEAAXXZ).
Application.obj : error LNK2019: ссылка на неразрешенный внешний символ "public: bool __cdecl sf::Texture::create(unsigned int,unsigned int)" (?create@Texture@sf@@QEAA_NII@Z) в функции "public: void __cdecl Application::start(void)" (?start@Application@@QEAAXXZ).
Application.obj : error LNK2019: ссылка на неразрешенный внешний символ "public: class sf::Image __cdecl sf::Texture::copyToImage(void)const " (?copyToImage@Texture@sf@@QEBA?AVImage@2@XZ) в функции "public: void __cdecl Application::start(void)" (?start@Application@@QEAAXXZ).
Application.obj : error LNK2019: ссылка на неразрешенный внешний символ "public: void __cdecl sf::Texture::update(class sf::Window const &)" (?update@Texture@sf@@QEAAXAEBVWindow@2@@Z) в функции "public: void __cdecl Application::start(void)" (?start@Application@@QEAAXXZ).
Application.obj : error LNK2019: ссылка на неразрешенный внешний символ "public: bool __cdecl sf::Font::loadFromFile(class std::basic_string<char,struct std::char_traits<char>,class std::allocator<char> > const &)" (?loadFromFile@Font@sf@@QEAA_NAEBV?$basic_string@DU?$char_traits@D@std@@V?$allocator@D@2@@std@@@Z) в функции "public: void __cdecl Application::createMenu(void)" (?createMenu@Application@@QEAAXXZ).
Cell.obj : error LNK2001: неразрешенный внешний символ "public: bool __cdecl sf::Font::loadFromFile(class std::basic_string<char,struct std::char_traits<char>,class std::allocator<char> > const &)" (?loadFromFile@Font@sf@@QEAA_NAEBV?$basic_string@DU?$char_traits@D@std@@V?$allocator@D@2@@std@@@Z).
Application.obj : error LNK2019: ссылка на неразрешенный внешний символ "public: void __cdecl sf::RenderTarget::clear(class sf::Color const &)" (?clear@RenderTarget@sf@@QEAAXAEBVColor@2@@Z) в функции "public: void __cdecl Application::start(void)" (?start@Application@@QEAAXXZ).
Application.obj : error LNK2019: ссылка на неразрешенный внешний символ "public: void __cdecl sf::RenderTarget::draw(class sf::Drawable const &,class sf::RenderStates const &)" (?draw@RenderTarget@sf@@QEAAXAEBVDrawable@2@AEBVRenderStates@2@@Z) в функции "public: void __cdecl Application::start(void)" (?start@Application@@QEAAXXZ).
Cell.obj : error LNK2001: неразрешенный внешний символ "public: void __cdecl sf::RenderTarget::draw(class sf::Drawable const &,class sf::RenderStates const &)" (?draw@RenderTarget@sf@@QEAAXAEBVDrawable@2@AEBVRenderStates@2@@Z).
Application.obj : error LNK2019: ссылка на неразрешенный внешний символ "public: __cdecl sf::RenderWindow::RenderWindow(class sf::VideoMode,class sf::String const &,unsigned int,struct sf::ContextSettings const &)" (??0RenderWindow@sf@@QEAA@VVideoMode@1@AEBVString@1@IAEBUContextSettings@1@@Z) в функции "public: void __cdecl Application::start(void)" (?start@Application@@QEAAXXZ).
Application.obj : error LNK2019: ссылка на неразрешенный внешний символ "public: virtual __cdecl sf::RenderWindow::~RenderWindow(void)" (??1RenderWindow@sf@@UEAA@XZ) в функции "public: void __cdecl Application::start(void)" (?start@Application@@QEAAXXZ).
Application.obj : error LNK2019: ссылка на неразрешенный внешний символ "public: virtual class sf::Vector2<unsigned int> __cdecl sf::RenderWindow::getSize(void)const " (?getSize@RenderWindow@sf@@UEBA?AV?$Vector2@I@2@XZ) в функции "public: void __cdecl Application::start(void)" (?start@Application@@QEAAXXZ).
Application.obj : error LNK2019: ссылка на неразрешенный внешний символ "public: void __cdecl sf::Text::setString(class sf::String const &)" (?setString@Text@sf@@QEAAXAEBVString@2@@Z) в функции "public: void __cdecl Application::createMenu(void)" (?createMenu@Application@@QEAAXXZ).
Cell.obj : error LNK2001: неразрешенный внешний символ "public: void __cdecl sf::Text::setString(class sf::String const &)" (?setString@Text@sf@@QEAAXAEBVString@2@@Z).
Application.obj : error LNK2019: ссылка на неразрешенный внешний символ "public: void __cdecl sf::Text::setFont(class sf::Font const &)" (?setFont@Text@sf@@QEAAXAEBVFont@2@@Z) в функции "public: void __cdecl Application::createMenu(void)" (?createMenu@Application@@QEAAXXZ).
Cell.obj : error LNK2001: неразрешенный внешний символ "public: void __cdecl sf::Text::setFont(class sf::Font const &)" (?setFont@Text@sf@@QEAAXAEBVFont@2@@Z).
Application.obj : error LNK2019: ссылка на неразрешенный внешний символ "public: void __cdecl sf::Text::setCharacterSize(unsigned int)" (?setCharacterSize@Text@sf@@QEAAXI@Z) в функции "public: void __cdecl Application::createMenu(void)" (?createMenu@Application@@QEAAXXZ).
Cell.obj : error LNK2001: неразрешенный внешний символ "public: void __cdecl sf::Text::setCharacterSize(unsigned int)" (?setCharacterSize@Text@sf@@QEAAXI@Z).
Application.obj : error LNK2019: ссылка на неразрешенный внешний символ "public: void __cdecl sf::Text::setFillColor(class sf::Color const &)" (?setFillColor@Text@sf@@QEAAXAEBVColor@2@@Z) в функции "public: void __cdecl Application::createMenu(void)" (?createMenu@Application@@QEAAXXZ).
Cell.obj : error LNK2001: неразрешенный внешний символ "public: void __cdecl sf::Text::setFillColor(class sf::Color const &)" (?setFillColor@Text@sf@@QEAAXAEBVColor@2@@Z).
Application.obj : error LNK2001: неразрешенный внешний символ "public: static class sf::RenderStates const sf::RenderStates::Default" (?Default@RenderStates@sf@@2V12@B).
Cell.obj : error LNK2001: неразрешенный внешний символ "public: static class sf::RenderStates const sf::RenderStates::Default" (?Default@RenderStates@sf@@2V12@B).
Application.obj : error LNK2001: неразрешенный внешний символ "public: static class sf::Color const sf::Color::Black" (?Black@Color@sf@@2V12@B).
Cell.obj : error LNK2001: неразрешенный внешний символ "public: static class sf::Color const sf::Color::Black" (?Black@Color@sf@@2V12@B).
Application.obj : error LNK2001: неразрешенный внешний символ "public: static class sf::Color const sf::Color::Green" (?Green@Color@sf@@2V12@B).
Cell.obj : error LNK2019: ссылка на неразрешенный внешний символ "public: __cdecl sf::String::String(class std::basic_string<char,struct std::char_traits<char>,class std::allocator<char> > const &,class std::locale const &)" (??0String@sf@@QEAA@AEBV?$basic_string@DU?$char_traits@D@std@@V?$allocator@D@2@@std@@AEBVlocale@3@@Z) в функции "public: void __cdecl Cell::show(class sf::RenderWindow &)" (?show@Cell@@QEAAXAEAVRenderWindow@sf@@@Z).
Field.obj : error LNK2001: неразрешенный внешний символ "public: __cdecl sf::String::String(class std::basic_string<char,struct std::char_traits<char>,class std::allocator<char> > const &,class std::locale const &)" (??0String@sf@@QEAA@AEBV?$basic_string@DU?$char_traits@D@std@@V?$allocator@D@2@@std@@AEBVlocale@3@@Z).
Cell.obj : error LNK2019: ссылка на неразрешенный внешний символ "public: virtual __cdecl sf::Transformable::~Transformable(void)" (??1Transformable@sf@@UEAA@XZ) в функции "public: virtual __cdecl sf::Text::~Text(void)" (??1Text@sf@@UEAA@XZ).
Field.obj : error LNK2001: неразрешенный внешний символ "public: virtual __cdecl sf::Transformable::~Transformable(void)" (??1Transformable@sf@@UEAA@XZ).
Source.obj : error LNK2001: неразрешенный внешний символ "public: virtual __cdecl sf::Transformable::~Transformable(void)" (??1Transformable@sf@@UEAA@XZ).
Cell.obj : error LNK2019: ссылка на неразрешенный внешний символ "public: void __cdecl sf::Transformable::setPosition(class sf::Vector2<float> const &)" (?setPosition@Transformable@sf@@QEAAXAEBV?$Vector2@M@2@@Z) в функции "public: void __cdecl Cell::setPosition(int,int)" (?setPosition@Cell@@QEAAXHH@Z).
Cell.obj : error LNK2019: ссылка на неразрешенный внешний символ "public: void __cdecl sf::Transformable::setOrigin(class sf::Vector2<float> const &)" (?setOrigin@Transformable@sf@@QEAAXAEBV?$Vector2@M@2@@Z) в функции "public: void __cdecl Cell::show(class sf::RenderWindow &)" (?show@Cell@@QEAAXAEAVRenderWindow@sf@@@Z).
Cell.obj : error LNK2019: ссылка на неразрешенный внешний символ "public: class sf::Vector2<float> const & __cdecl sf::Transformable::getPosition(void)const " (?getPosition@Transformable@sf@@QEBAAEBV?$Vector2@M@2@XZ) в функции "public: void __cdecl Cell::setPosition(int,int)" (?setPosition@Cell@@QEAAXHH@Z).
Cell.obj : error LNK2019: ссылка на неразрешенный внешний символ "public: virtual __cdecl sf::Shape::~Shape(void)" (??1Shape@sf@@UEAA@XZ) в функции "public: virtual __cdecl sf::RectangleShape::~RectangleShape(void)" (??1RectangleShape@sf@@UEAA@XZ).
Field.obj : error LNK2001: неразрешенный внешний символ "public: virtual __cdecl sf::Shape::~Shape(void)" (??1Shape@sf@@UEAA@XZ).
Cell.obj : error LNK2019: ссылка на неразрешенный внешний символ "public: void __cdecl sf::Shape::setFillColor(class sf::Color const &)" (?setFillColor@Shape@sf@@QEAAXAEBVColor@2@@Z) в функции "public: __cdecl Cell::Cell(void)" (??0Cell@@QEAA@XZ).
Cell.obj : error LNK2019: ссылка на неразрешенный внешний символ "public: __cdecl sf::Font::Font(void)" (??0Font@sf@@QEAA@XZ) в функции "public: __cdecl Cell::Cell(void)" (??0Cell@@QEAA@XZ).
Source.obj : error LNK2001: неразрешенный внешний символ "public: __cdecl sf::Font::Font(void)" (??0Font@sf@@QEAA@XZ).
Cell.obj : error LNK2019: ссылка на неразрешенный внешний символ "public: __cdecl sf::Font::~Font(void)" (??1Font@sf@@QEAA@XZ) в функции "int `public: __cdecl Cell::Cell(void)'::`1'::dtor$2" (?dtor$2@?0???0Cell@@QEAA@XZ@4HA).
Field.obj : error LNK2001: неразрешенный внешний символ "public: __cdecl sf::Font::~Font(void)" (??1Font@sf@@QEAA@XZ).
Source.obj : error LNK2001: неразрешенный внешний символ "public: __cdecl sf::Font::~Font(void)" (??1Font@sf@@QEAA@XZ).
Cell.obj : error LNK2019: ссылка на неразрешенный внешний символ "public: __cdecl sf::RectangleShape::RectangleShape(class sf::Vector2<float> const &)" (??0RectangleShape@sf@@QEAA@AEBV?$Vector2@M@1@@Z) в функции "public: __cdecl Cell::Cell(void)" (??0Cell@@QEAA@XZ).
Cell.obj : error LNK2019: ссылка на неразрешенный внешний символ "public: void __cdecl sf::RectangleShape::setSize(class sf::Vector2<float> const &)" (?setSize@RectangleShape@sf@@QEAAXAEBV?$Vector2@M@2@@Z) в функции "public: __cdecl Cell::Cell(void)" (??0Cell@@QEAA@XZ).
Cell.obj : error LNK2019: ссылка на неразрешенный внешний символ "public: __cdecl sf::Text::Text(void)" (??0Text@sf@@QEAA@XZ) в функции "public: __cdecl Cell::Cell(void)" (??0Cell@@QEAA@XZ).
Source.obj : error LNK2001: неразрешенный внешний символ "public: __cdecl sf::Text::Text(void)" (??0Text@sf@@QEAA@XZ).
Cell.obj : error LNK2001: неразрешенный внешний символ "public: static class sf::Color const sf::Color::White" (?White@Color@sf@@2V12@B).
Field.obj : error LNK2019: ссылка на неразрешенный внешний символ "public: __cdecl sf::String::String(char,class std::locale const &)" (??0String@sf@@QEAA@DAEBVlocale@std@@@Z) в функции "public: void __cdecl Field::loadField(class std::basic_string<char,struct std::char_traits<char>,class std::allocator<char> >)" (?loadField@Field@@QEAAXV?$basic_string@DU?$char_traits@D@std@@V?$allocator@D@2@@std@@@Z).
Field.obj : error LNK2019: ссылка на неразрешенный внешний символ "bool __cdecl sf::operator!=(class sf::String const &,class sf::String const &)" (??9sf@@YA_NAEBVString@0@0@Z) в функции "public: void __cdecl Field::loadField(class std::basic_string<char,struct std::char_traits<char>,class std::allocator<char> >)" (?loadField@Field@@QEAAXV?$basic_string@DU?$char_traits@D@std@@V?$allocator@D@2@@std@@@Z).
C:\SFML-2.5.1\lib\sfml-graphics-s-d.lib : warning LNK4272: тип компьютера библиотеки "x86" конфликтует с типом целевого компьютера "x64"
C:\SFML-2.5.1\lib\sfml-window-s-d.lib : warning LNK4272: тип компьютера библиотеки "x86" конфликтует с типом целевого компьютера "x64"
C:\SFML-2.5.1\lib\sfml-system-s-d.lib : warning LNK4272: тип компьютера библиотеки "x86" конфликтует с типом целевого компьютера "x64"
C:\Work\c++\SudokuGUI\x64\Debug\SudokuGUI.exe : fatal error LNK1120: неразрешенных внешних элементов: 42
