Performing C++ SOURCE FILE Test CMAKE_HAVE_LIBC_PTHREAD failed with the following output:
Change Dir: C:/Work/c++/Qt/build-qtwidget-Android_Qt_6_2_3_Clang_x86-MinSizeRel/CMakeFiles/CMakeTmp

Run Build Command(s):C:/Qt/Tools/Ninja/ninja.exe cmTC_feb6e && [1/2] Building CXX object CMakeFiles/cmTC_feb6e.dir/src.cxx.o
FAILED: CMakeFiles/cmTC_feb6e.dir/src.cxx.o 
C:\Users\Yura\AppData\Local\Android\Sdk\ndk\21.3.6528147\toolchains\llvm\prebuilt\windows-x86_64\bin\clang++.exe --target=i686-none-linux-android23 --gcc-toolchain=C:/Users/Yura/AppData/Local/Android/Sdk/ndk/21.3.6528147/toolchains/llvm/prebuilt/windows-x86_64 --sysroot=C:/Users/Yura/AppData/Local/Android/Sdk/ndk/21.3.6528147/toolchains/llvm/prebuilt/windows-x86_64/sysroot -DCMAKE_HAVE_LIBC_PTHREAD  -g -DANDROID -fdata-sections -ffunction-sections -funwind-tables -fstack-protector-strong -no-canonical-prefixes -mstackrealign -D_FORTIFY_SOURCE=2 -Wformat -Werror=format-security    -fPIE -std=gnu++11 -MD -MT CMakeFiles/cmTC_feb6e.dir/src.cxx.o -MF CMakeFiles\cmTC_feb6e.dir\src.cxx.o.d -o CMakeFiles/cmTC_feb6e.dir/src.cxx.o -c C:/Work/c++/Qt/build-qtwidget-Android_Qt_6_2_3_Clang_x86-MinSizeRel/CMakeFiles/CMakeTmp/src.cxx
C:/Work/c++/Qt/build-qtwidget-Android_Qt_6_2_3_Clang_x86-MinSizeRel/CMakeFiles/CMakeTmp/src.cxx:13:3: error: use of undeclared identifier 'pthread_cancel'
  pthread_cancel(thread);
  ^
1 error generated.
ninja: build stopped: subcommand failed.


Source file was:
#include <pthread.h>

static void* test_func(void* data)
{
  return data;
}

int main(void)
{
  pthread_t thread;
  pthread_create(&thread, NULL, test_func, NULL);
  pthread_detach(thread);
  pthread_cancel(thread);
  pthread_join(thread, NULL);
  pthread_atfork(NULL, NULL, NULL);
  pthread_exit(NULL);

  return 0;
}

